Arguments: 
  /Users/brianli/.nvm/versions/node/v18.17.0/bin/node /usr/local/Cellar/yarn/1.22.19/libexec/bin/yarn.js init

PATH: 
  /opt/brev/bin:/opt/brev/bin:/opt/brev/bin:/Users/brianli/.nvm/versions/node/v10.7.0/lib/node_modules/node/bin:/anaconda3/bin:/Users/brianli/.nvm/versions/node/v18.17.0/bin:/Library/Frameworks/Python.framework/Versions/3.6/bin:/usr/local/bin:/usr/bin:/bin:/usr/sbin:/sbin:/Library/TeX/texbin:/usr/local/share/dotnet:/opt/X11/bin:/Library/Apple/usr/bin:/Library/Frameworks/Mono.framework/Versions/Current/Commands:/Users/brianli/flutter/bin:/Users/brianli/Library/Android/sdk/emulator:/Users/brianli/Library/Android/sdk/tools:/Users/brianli/Library/Android/sdk/tools/bin:/Users/brianli/Library/Android/sdk/platform-tools

Yarn version: 
  1.22.19

Node version: 
  18.17.0

Platform: 
  darwin arm64

Trace: 
  Error: canceled
      at Interface.<anonymous> (/usr/local/Cellar/yarn/1.22.19/libexec/lib/cli.js:137150:13)
      at Interface.emit (node:events:514:28)
      at [_ttyWrite] [as _ttyWrite] (node:internal/readline/interface:1131:18)
      at ReadStream.onkeypress (node:internal/readline/interface:270:20)
      at ReadStream.emit (node:events:514:28)
      at emitKeys (node:internal/readline/utils:357:14)
      at emitKeys.next (<anonymous>)
      at ReadStream.onData (node:internal/readline/emitKeypressEvents:64:36)
      at ReadStream.emit (node:events:514:28)
      at addChunk (node:internal/streams/readable:324:12)

npm manifest: 
  No manifest

yarn manifest: 
  No manifest

Lockfile: 
  No lockfile
